\o Program:		@(#)$CDS: libManager version 32.10 11/11/2011 13:43 (cat91amd) $
\o Sub version:		sub-version  s008 
\o Arguments:		-mpssession virtuoso5523 -mpshost linux04.cflab.seas.gwu.edu 
\o Working Directory:	linux04.cflab.seas.gwu.edu:/home/seas/jwcrandall/cadence
\o Qt version: 		4.5.3
\o Log file is "/home/seas/jwcrandall/cadence/libManager.log".
\o Opening libManager window.
\a nrSetCurrentWindow(cdsLibManager)
\o Loading customization file "/apps/design_kits/ncsu-cdk-1.6.0.beta/cdssetup/cdsLibMgr.il"
\o Loading NCSU Library Manager customizations...done.
\a nrResizeWindow(cdsLibManager list(671 25 940 744))
\o WARNING (CLM-105): Library Manager custom operations are inactive without a DFII session present.
\o QUESTION (CLM-106): Actions have been specified in your "cdsLibMgr.il" \ncustomization file. \n\nLibrary Manager custom operations can't be active \nwithout a DFII environment present. You must restart \nthe Library Manager tool from the DFII CIW Tools \nmenu to enable your custom actions. \n\n    A partial list of DFII session tools include: \n        virtuoso,\n        icde, icds, icfb, icms, layout, layoutPlus, msfb \n    and so on.\n\nYou may continue using this tool without benefit of \nyour custom actions by clicking on the "Yes" button. \n\nTo not see this message again, click on the "No" button \nand then save your ".cdsenv" defaults file. 
\a nrSetWindowVisibility(genericDialog "show")
\o changeWorkingDir("/home/seas/jwcrandall/cadence") unnecessary.
\o ddSetForcedLib("") unnecessary.
\o MPS service: map window
\a nrResizeWindow(genericDialog list(1044 324 384 372))
\o Library Manager customization server connected.
\a nrSetCurrentWindow(genericDialog)
\a nrResizeWindow(genericDialog list(949 176 384 372))
\a genericDialog->genericYesButton->value = t
\a nrSetCurrentWindow(cdsLibManager)
\a cdsLibManager->libListBox->value = "analog_ece6218"
\a cdsLibManager->libLineEdit->value = "analog_ece6218"
\a cdsLibManager->cellListBox->value = "OTA"
\a cdsLibManager->cellLineEdit->value = "OTA"
\a cdsLibManager->viewListBox->value = "schematic"
\a cdsLibManager->viewLineEdit->value = "schematic"
\o MPS request: edit design
\a nrListItemAction(cdsLibManager->gdmXTView 0 0)
\a nrSetCurrentWindow(cdsLibManager)
\a cdsLibManager->libListBox->value = nil
\a cdsLibManager->cellListBox->value = nil
\a cdsLibManager->viewLineEdit->value = ""
\a cdsLibManager->viewListBox->value = nil
\a cdsLibManager->cellLineEdit->value = ""
\a cdsLibManager->libLineEdit->value = ""
\a cdsLibManager->libListBox->value = "analog_ece6218"
\a cdsLibManager->libLineEdit->value = "analog_ece6218"
\a cdsLibManager->cellListBox->value = "OTA"
\a cdsLibManager->cellLineEdit->value = "OTA"
\a cdsLibManager->viewListBox->value = "schematic"
\a cdsLibManager->viewLineEdit->value = "schematic"
\a cdsLibManager->viewLineEdit->value = ""
\a cdsLibManager->viewListBox->value = nil
\a cdsLibManager->viewListBox->value = "schematic"
\a cdsLibManager->viewLineEdit->value = "schematic"
\a nrSetCurrentWindow(cdsLibManager)
\a cdsLibManager->cellListBox->value = "final_project"
\a cdsLibManager->viewLineEdit->value = ""
\a cdsLibManager->viewListBox->value = nil
\a cdsLibManager->viewListBox->value = "schematic"
\a cdsLibManager->viewLineEdit->value = "schematic"
\a nrListItemAction(cdsLibManager->cellListBox 1 0)
\a cdsLibManager->viewLineEdit->value = ""
\a cdsLibManager->viewListBox->value = nil
\o MPS request: edit design
\a cdsLibManager->cellLineEdit->value = "final_project"
\a nrSetCurrentWindow(cdsLibManager)
\a cdsLibManager->cellListBox->value = "OTA"
\a cdsLibManager->viewListBox->value = "schematic"
\a cdsLibManager->viewLineEdit->value = "schematic"
\a cdsLibManager->cellListBox->value = nil
\a cdsLibManager->viewLineEdit->value = ""
\a cdsLibManager->viewListBox->value = nil
\a nrListItemAction(cdsLibManager->cellListBox 0 0)
\a cdsLibManager->cellListBox->value = "OTA"
\a cdsLibManager->viewListBox->value = "schematic"
\a cdsLibManager->viewLineEdit->value = "schematic"
\a cdsLibManager->viewLineEdit->value = ""
\a cdsLibManager->viewListBox->value = nil
\o MPS request: edit design
\a cdsLibManager->cellLineEdit->value = "OTA"
\a nrSetCurrentWindow(cdsLibManager)
\a cdsLibManager->cellListBox->value = "final_project"
\a cdsLibManager->viewListBox->value = "schematic"
\a cdsLibManager->viewLineEdit->value = "schematic"
\a nrListItemAction(cdsLibManager->cellListBox 1 0)
\a cdsLibManager->viewLineEdit->value = ""
\a cdsLibManager->viewListBox->value = nil
\o MPS request: edit design
\a cdsLibManager->cellLineEdit->value = "final_project"
\a nrSetCurrentWindow(cdsLibManager)
\a nrSetCurrentWindow(cdsLibManager)
\a nrSetCurrentWindow(cdsLibManager)
\a nrResizeWindow(cdsLibManager list(1241 374 940 744))
\a nrSetCurrentWindow(cdsLibManager)
\a nrSetCurrentWindow(cdsLibManager)
\a nrSetCurrentWindow(cdsLibManager)
\a nrSetCurrentWindow(cdsLibManager)
\a nrSetCurrentWindow(cdsLibManager)
\a nrResizeWindow(cdsLibManager list(712 53 940 744))
\a nrResizeWindow(cdsLibManager list(715 53 940 744))
\a cdsLibManager->viewListBox->value = "schematic"
\o MPS request: edit design
\a nrListItemAction(cdsLibManager->gdmXTView 0 0)
\a lmgrLogShowPopup("mainListPopup2" 11 7 2 "schematic")
\a nrSetCurrentWindow(cdsLibManager)
\a nrSetCurrentWindow(cdsLibManager)
\a cdsLibManager->cellListBox->value = "OTA"
\a cdsLibManager->viewLineEdit->value = ""
\a cdsLibManager->viewListBox->value = nil
\a cdsLibManager->viewListBox->value = "schematic"
\a cdsLibManager->viewLineEdit->value = "schematic"
\a cdsLibManager->cellLineEdit->value = "OTA"
\a cdsLibManager->viewListBox->value = nil
\a cdsLibManager->viewListBox->value = "schematic"
\o MPS request: edit design
\a nrListItemAction(cdsLibManager->gdmXTView 0 0)
\a nrSetCurrentWindow(cdsLibManager)
\a cdsLibManager->cellListBox->value = nil
\a cdsLibManager->viewLineEdit->value = ""
\a cdsLibManager->viewListBox->value = nil
\a cdsLibManager->cellListBox->value = "OTA"
\a cdsLibManager->viewListBox->value = "schematic"
\a cdsLibManager->viewLineEdit->value = "schematic"
\a cdsLibManager->cellLineEdit->value = "OTA"
\a cdsLibManager->FileNewCVButton->value = t
\a nrSetCurrentWindow(cdsLibManager)
\a nrSetCurrentWindow(cdsLibManager)
\a nrSetCurrentWindow(cdsLibManager)
\a nrSetCurrentWindow(cdsLibManager)
\a cdsLibManager->libListBox->value = nil
\a cdsLibManager->cellListBox->value = nil
\a cdsLibManager->viewLineEdit->value = ""
\a cdsLibManager->viewListBox->value = nil
\a cdsLibManager->cellLineEdit->value = ""
\a cdsLibManager->libListBox->value = "analog_ece6218"
\a lmgrLogShowPopup("mainListPopup0" 41 187 2 "analog_ece6218")
\a cdsLibManager->libLineEdit->value = "analog_ece6218"
\a cdsLibManager->editPropertiesButton->value = t
\o MPS request: edit property
\a nrSetCurrentWindow(cdsLibManager)
\a lmgrLogShowPopup("mainListPopup0" 77 187 2 "analog_ece6218")
\a editCascade->value = "Attach tech library..."
\a mainListPopup2->value = "Attach tech library..."
\a mainListPopup0->value = "Attach tech library..."
\a cdsLibManager->cdkAttachTechLib->value = t ; customval
\a cdsLibManager->libListBox->value = nil
\a cdsLibManager->libListBox->value = "analog_ece6218"
\a cdsLibManager->libLineEdit->value = "analog_ece6218"
\a nrSetCurrentWindow(cdsLibManager)
\a lmgrLogShowPopup("mainListPopup0" 67 184 2 "analog_ece6218")
\a cdsLibManager->editPropertiesButton->value = t
\o MPS request: edit property
\a cdsLibManager->libListBox->value = nil
\a cdsLibManager->libListBox->value = "analog_ece6218"
\a cdsLibManager->libLineEdit->value = "analog_ece6218"
\a nrSetCurrentWindow(cdsLibManager)
\a cdsLibManager->libListBox->value = nil
\a cdsLibManager->libListBox->value = "analogLib"
\a cdsLibManager->libListBox->value = "analog_ece6218"
\a cdsLibManager->libLineEdit->value = "analog_ece6218"
\a cdsLibManager->cellListBox->value = "OTA"
\a cdsLibManager->viewListBox->value = "schematic"
\a cdsLibManager->viewLineEdit->value = "schematic"
\a cdsLibManager->cellLineEdit->value = "OTA"
\a cdsLibManager->viewListBox->value = nil
\a cdsLibManager->viewListBox->value = "schematic"
\o MPS request: edit design
\a nrListItemAction(cdsLibManager->gdmXTView 1 0)
\a cdsLibManager->libListBox->value = nil
\a cdsLibManager->cellListBox->value = nil
\a cdsLibManager->viewLineEdit->value = ""
\a cdsLibManager->viewListBox->value = nil
\a cdsLibManager->cellLineEdit->value = ""
\a cdsLibManager->libLineEdit->value = ""
\a cdsLibManager->libListBox->value = "analog_ece6218"
\a cdsLibManager->libLineEdit->value = "analog_ece6218"
\a cdsLibManager->cellListBox->value = "OTA"
\a cdsLibManager->cellLineEdit->value = "OTA"
\a cdsLibManager->viewListBox->value = "schematic"
\a cdsLibManager->viewLineEdit->value = "schematic"
\a cdsLibManager->viewLineEdit->value = ""
\a cdsLibManager->viewListBox->value = nil
\a cdsLibManager->viewListBox->value = "schematic"
\a cdsLibManager->viewLineEdit->value = "schematic"
\a cdsLibManager->libListBox->value = nil
\a cdsLibManager->cellListBox->value = nil
\a cdsLibManager->viewLineEdit->value = ""
\a cdsLibManager->viewListBox->value = nil
\a cdsLibManager->cellLineEdit->value = ""
\a cdsLibManager->libLineEdit->value = ""
\a cdsLibManager->libListBox->value = "analog_ece6218"
\a cdsLibManager->libLineEdit->value = "analog_ece6218"
\a cdsLibManager->cellListBox->value = "OTA"
\a cdsLibManager->cellLineEdit->value = "OTA"
\a cdsLibManager->viewListBox->value = "schematic"
\a cdsLibManager->viewLineEdit->value = "schematic"
\a cdsLibManager->viewLineEdit->value = ""
\a cdsLibManager->viewListBox->value = nil
\a cdsLibManager->viewListBox->value = "schematic"
\a cdsLibManager->viewLineEdit->value = "schematic"
\a nrSetCurrentWindow(cdsLibManager)
\a cdsLibManager->viewListBox->value = "layout"
\a cdsLibManager->viewLineEdit->value = "layout"
\o MPS request: edit design
\a nrListItemAction(cdsLibManager->gdmXTView 1 0)
\a cdsLibManager->cellListBox->value = nil
\a cdsLibManager->viewLineEdit->value = ""
\a cdsLibManager->viewListBox->value = nil
\a cdsLibManager->cellListBox->value = "OTA"
\a cdsLibManager->viewListBox->value = "layout"
\a cdsLibManager->viewLineEdit->value = "layout"
\a cdsLibManager->cellLineEdit->value = "OTA"
\a cdsLibManager->viewListBox->value = "constraint"
\a cdsLibManager->viewLineEdit->value = "constraint"
\a cdsLibManager->viewListBox->value = nil
\a cdsLibManager->viewListBox->value = "constraint"
\o MPS request: edit design
\a nrListItemAction(cdsLibManager->gdmXTView 0 0)
\a nrSetCurrentWindow(cdsLibManager)
\a cdsLibManager->viewListBox->value = "schematic"
\a cdsLibManager->viewLineEdit->value = "schematic"
\o MPS request: edit design
\a nrListItemAction(cdsLibManager->gdmXTView 3 0)
\a nrSetCurrentWindow(cdsLibManager)
\a nrSetCurrentWindow(cdsLibManager)
\a nrSetCurrentWindow(cdsLibManager)
\a cdsLibManager->viewListBox->value = "layout"
\a cdsLibManager->viewLineEdit->value = "layout"
\o MPS request: edit design
\a nrListItemAction(cdsLibManager->gdmXTView 1 0)
\a nrSetCurrentWindow(cdsLibManager)
\a nrSetCurrentWindow(cdsLibManager)
\a nrSetCurrentWindow(cdsLibManager)
\a cdsLibManager->cellListBox->value = "final_project"
\a cdsLibManager->viewLineEdit->value = ""
\a cdsLibManager->viewListBox->value = nil
\a cdsLibManager->viewListBox->value = "schematic"
\a cdsLibManager->viewLineEdit->value = "schematic"
\a cdsLibManager->cellListBox->value = "OTA"
\a cdsLibManager->viewLineEdit->value = ""
\a cdsLibManager->viewListBox->value = nil
\a cdsLibManager->viewListBox->value = "schematic"
\a cdsLibManager->viewLineEdit->value = "schematic"
\a cdsLibManager->cellLineEdit->value = "OTA"
\a cdsLibManager->viewListBox->value = "layout"
\a cdsLibManager->viewLineEdit->value = "layout"
\a cdsLibManager->viewListBox->value = nil
\a cdsLibManager->viewListBox->value = "layout"
\o MPS request: edit design
\a nrListItemAction(cdsLibManager->gdmXTView 1 0)
\a nrSetCurrentWindow(cdsLibManager)
\a nrSetCurrentWindow(cdsLibManager)
